<?xml version="1.0" encoding="UTF-8"?>
<!-- Generated by org.testng.reporters.JUnitReportReporter -->
<testsuite hostname="DESKTOP-GADFEBD" failures="0" tests="1" name="Jenkin_SDET38.SmokeSampleTest" time="0.016" errors="0" timestamp="2022-12-05T16:36:14 IST" skipped="0">
  <testcase classname="Jenkin_SDET38.SmokeSampleTest" name="SmokeSample" time="0.016"/>
  <system-out/>
</testsuite> <!-- Jenkin_SDET38.SmokeSampleTest -->
